2019/01/31 19:30:37 File name nextFiles: C
2019/01/31 19:30:49 File name nextFiles: pluto
2019/01/31 19:30:49 File name nextFiles: programming
2019/01/31 19:33:45 File name nextFiles: C Is a dir: %!b(bool=true)
2019/01/31 19:33:45 File name nextFiles: Bash Is a dir: %!b(bool=true)
2019/01/31 19:33:47 File name nextFiles: pluto Is a dir: %!b(bool=true)
2019/01/31 19:33:47 File name nextFiles: programming Is a dir: %!b(bool=false)
2019/01/31 19:34:08 File name nextFiles: projectVid.kdenlive Is a dir:%!(EXTRA bool=false)
2019/01/31 19:34:08 File name nextFiles: programming Is a dir:%!(EXTRA bool=false)
2019/01/31 19:34:09 File name nextFiles: pluto Is a dir:%!(EXTRA bool=true)
2019/01/31 19:34:09 File name nextFiles: programming Is a dir:%!(EXTRA bool=false)
2019/01/31 19:34:30 File name nextFiles: projectVid.kdenlive Is a dir: %!s(bool=false)
2019/01/31 19:34:30 File name nextFiles: programming Is a dir: %!s(bool=false)
2019/01/31 19:35:20 File name nextFiles: .ArchLabs-homepage, Is a dir: %!s(bool=true)
2019/01/31 19:35:20 File name nextFiles: .BOINC, Is a dir: %!s(bool=true)
2019/01/31 19:35:20 File name nextFiles: .BOINC Manager, Is a dir: %!s(bool=false)
2019/01/31 19:35:20 File name nextFiles: .ColorGrab, Is a dir: %!s(bool=true)
2019/01/31 19:35:20 File name nextFiles: .PlayOnLinux, Is a dir: %!s(bool=true)
2019/01/31 19:35:20 File name nextFiles: .ColorGrab, Is a dir: %!s(bool=true)
2019/01/31 19:35:21 File name nextFiles: .BOINC Manager, Is a dir: %!s(bool=false)
2019/01/31 19:35:21 File name nextFiles: .BOINC, Is a dir: %!s(bool=true)
2019/01/31 19:35:21 File name nextFiles: .ArchLabs-homepage, Is a dir: %!s(bool=true)
2019/01/31 19:35:22 File name nextFiles: index.html, Is a dir: %!s(bool=false)
2019/01/31 19:35:23 File name nextFiles: res, Is a dir: %!s(bool=true)
2019/01/31 19:35:23 File name nextFiles: archlabs02.png, Is a dir: %!s(bool=false)
2019/01/31 19:35:24 File name nextFiles: .BOINC, Is a dir: %!s(bool=true)
2019/01/31 19:35:24 File name nextFiles: .ArchLabs-homepage, Is a dir: %!s(bool=true)
2019/01/31 19:35:25 File name nextFiles: .$thumbs, Is a dir: %!s(bool=true)
2019/01/31 19:35:25 File name nextFiles: .ArchLabs-homepage, Is a dir: %!s(bool=true)
2019/01/31 19:35:25 File name nextFiles: index.html, Is a dir: %!s(bool=false)
2019/01/31 19:35:34 File name nextFiles: .ArchLabs-homepage, Is a dir: %!s(bool=true)
2019/01/31 19:35:35 File name nextFiles: .BOINC, Is a dir: %!s(bool=true)
2019/01/31 19:35:35 File name nextFiles: .BOINC Manager, Is a dir: %!s(bool=false)
2019/01/31 19:35:35 File name nextFiles: .ColorGrab, Is a dir: %!s(bool=true)
2019/01/31 19:35:36 File name nextFiles: .PlayOnLinux, Is a dir: %!s(bool=true)
2019/01/31 19:35:36 File name nextFiles: .Prison Architect, Is a dir: %!s(bool=true)
2019/01/31 19:35:36 File name nextFiles: .PyCharmCE2018.2, Is a dir: %!s(bool=true)
2019/01/31 19:35:36 File name nextFiles: .Xauthority, Is a dir: %!s(bool=false)
2019/01/31 19:35:36 File name nextFiles: .Xresources, Is a dir: %!s(bool=false)
2019/01/31 19:35:36 File name nextFiles: .adobe, Is a dir: %!s(bool=true)
2019/01/31 19:35:36 File name nextFiles: .android, Is a dir: %!s(bool=true)
2019/01/31 19:35:36 File name nextFiles: .appdata, Is a dir: %!s(bool=true)
2019/01/31 19:35:36 File name nextFiles: .atom, Is a dir: %!s(bool=true)
2019/01/31 19:35:36 File name nextFiles: .audacity-data, Is a dir: %!s(bool=true)
2019/01/31 19:35:36 File name nextFiles: .bash_history, Is a dir: %!s(bool=false)
2019/01/31 19:35:36 File name nextFiles: .bash_logout, Is a dir: %!s(bool=false)
2019/01/31 19:35:36 File name nextFiles: .bash_profile, Is a dir: %!s(bool=false)
2019/01/31 19:35:36 File name nextFiles: .bashrc, Is a dir: %!s(bool=false)
2019/01/31 19:35:36 File name nextFiles: .buildozer, Is a dir: %!s(bool=true)
2019/01/31 19:35:36 File name nextFiles: .cache, Is a dir: %!s(bool=true)
2019/01/31 19:35:36 File name nextFiles: .cargo, Is a dir: %!s(bool=true)
2019/01/31 19:35:36 File name nextFiles: .config, Is a dir: %!s(bool=true)
2019/01/31 19:35:36 File name nextFiles: .creepMiner, Is a dir: %!s(bool=true)
2019/01/31 19:35:36 File name nextFiles: .dmrc, Is a dir: %!s(bool=false)
2019/01/31 19:35:36 File name nextFiles: .docker, Is a dir: %!s(bool=true)
2019/01/31 19:35:37 File name nextFiles: .dmrc, Is a dir: %!s(bool=false)
2019/01/31 19:35:37 File name nextFiles: .creepMiner, Is a dir: %!s(bool=true)
2019/01/31 19:35:37 File name nextFiles: 1.8.3, Is a dir: %!s(bool=true)
2019/01/31 19:35:38 File name nextFiles: data.db, Is a dir: %!s(bool=false)
2019/01/31 19:35:39 File name nextFiles: .dmrc, Is a dir: %!s(bool=false)
2019/01/31 19:35:39 File name nextFiles: .docker, Is a dir: %!s(bool=true)
2019/01/31 19:35:39 File name nextFiles: .droidcam, Is a dir: %!s(bool=true)
2019/01/31 19:35:40 File name nextFiles: josh, Is a dir: %!s(bool=true)
2019/01/31 19:35:41 File name nextFiles: josh, Is a dir: %!s(bool=true)
2019/01/31 19:35:41 File name nextFiles: josh, Is a dir: %!s(bool=true)
2019/01/31 19:35:41 File name nextFiles: josh, Is a dir: %!s(bool=true)
2019/01/31 19:35:41 File name nextFiles: josh, Is a dir: %!s(bool=true)
2019/01/31 19:35:42 File name nextFiles: josh, Is a dir: %!s(bool=true)
2019/01/31 19:35:42 File name nextFiles: josh, Is a dir: %!s(bool=true)
2019/01/31 19:35:42 File name nextFiles: lib, Is a dir: %!s(bool=false)
2019/01/31 19:35:42 File name nextFiles: lib64, Is a dir: %!s(bool=false)
2019/01/31 19:35:43 File name nextFiles: lost+found, Is a dir: %!s(bool=true)
2019/01/31 19:35:43 open /lost+found/: permission denied
2019/01/31 19:35:43 File name nextFiles: mnt, Is a dir: %!s(bool=true)
2019/01/31 19:35:43 File name nextFiles: opt, Is a dir: %!s(bool=true)
2019/01/31 19:35:43 File name nextFiles: proc, Is a dir: %!s(bool=true)
2019/01/31 19:35:44 File name nextFiles: root, Is a dir: %!s(bool=true)
2019/01/31 19:35:44 File name nextFiles: run, Is a dir: %!s(bool=true)
2019/01/31 19:35:44 File name nextFiles: sbin, Is a dir: %!s(bool=false)
2019/01/31 19:35:44 File name nextFiles: srv, Is a dir: %!s(bool=true)
2019/01/31 19:35:44 File name nextFiles: swapfile, Is a dir: %!s(bool=false)
2019/01/31 19:35:44 File name nextFiles: sys, Is a dir: %!s(bool=true)
2019/01/31 19:35:45 File name nextFiles: tmp, Is a dir: %!s(bool=true)
2019/01/31 19:35:45 File name nextFiles: usr, Is a dir: %!s(bool=true)
2019/01/31 19:35:45 File name nextFiles: var, Is a dir: %!s(bool=true)
2019/01/31 19:35:46 File name nextFiles: usr, Is a dir: %!s(bool=true)
2019/01/31 19:35:46 File name nextFiles: tmp, Is a dir: %!s(bool=true)
2019/01/31 19:35:46 File name nextFiles: sys, Is a dir: %!s(bool=true)
2019/01/31 19:35:46 File name nextFiles: swapfile, Is a dir: %!s(bool=false)
2019/01/31 19:35:46 File name nextFiles: srv, Is a dir: %!s(bool=true)
2019/01/31 19:35:46 File name nextFiles: sbin, Is a dir: %!s(bool=false)
2019/01/31 19:35:46 File name nextFiles: run, Is a dir: %!s(bool=true)
2019/01/31 19:35:46 File name nextFiles: root, Is a dir: %!s(bool=true)
2019/01/31 19:35:46 File name nextFiles: proc, Is a dir: %!s(bool=true)
2019/01/31 19:35:46 File name nextFiles: opt, Is a dir: %!s(bool=true)
2019/01/31 19:35:47 File name nextFiles: mnt, Is a dir: %!s(bool=true)
2019/01/31 19:35:47 File name nextFiles: lost+found, Is a dir: %!s(bool=true)
2019/01/31 19:35:47 open /lost+found/: permission denied
2019/01/31 19:35:47 File name nextFiles: lib64, Is a dir: %!s(bool=false)
2019/01/31 19:35:47 File name nextFiles: lib, Is a dir: %!s(bool=false)
2019/01/31 19:35:47 File name nextFiles: home, Is a dir: %!s(bool=true)
2019/01/31 19:36:08 File name nextFiles: josh, Is a dir: %!s(bool=true)
2019/01/31 19:36:09 File name nextFiles: .$thumbs, Is a dir: %!s(bool=true)
2019/01/31 19:36:09 File name nextFiles: .ArchLabs-homepage, Is a dir: %!s(bool=true)
2019/01/31 19:36:09 File name nextFiles: .BOINC, Is a dir: %!s(bool=true)
2019/01/31 19:36:10 File name nextFiles: .BOINC Manager, Is a dir: %!s(bool=false)
2019/01/31 19:36:10 File name nextFiles: .ColorGrab, Is a dir: %!s(bool=true)
2019/01/31 19:36:10 File name nextFiles: .PlayOnLinux, Is a dir: %!s(bool=true)
2019/01/31 19:36:11 File name nextFiles: .Prison Architect, Is a dir: %!s(bool=true)
2019/01/31 19:36:11 File name nextFiles: .PyCharmCE2018.2, Is a dir: %!s(bool=true)
2019/01/31 19:36:11 File name nextFiles: .Xauthority, Is a dir: %!s(bool=false)
2019/01/31 19:36:11 File name nextFiles: .Xresources, Is a dir: %!s(bool=false)
2019/01/31 19:36:11 File name nextFiles: .adobe, Is a dir: %!s(bool=true)
2019/01/31 19:36:11 File name nextFiles: .android, Is a dir: %!s(bool=true)
2019/01/31 19:36:11 File name nextFiles: .appdata, Is a dir: %!s(bool=true)
2019/01/31 19:36:11 File name nextFiles: .atom, Is a dir: %!s(bool=true)
2019/01/31 19:36:11 File name nextFiles: .audacity-data, Is a dir: %!s(bool=true)
2019/01/31 19:36:11 File name nextFiles: .bash_history, Is a dir: %!s(bool=false)
2019/01/31 19:36:11 File name nextFiles: .bash_logout, Is a dir: %!s(bool=false)
2019/01/31 19:36:11 File name nextFiles: .bash_profile, Is a dir: %!s(bool=false)
2019/01/31 19:36:11 File name nextFiles: .bashrc, Is a dir: %!s(bool=false)
2019/01/31 19:36:11 File name nextFiles: .buildozer, Is a dir: %!s(bool=true)
2019/01/31 19:36:11 File name nextFiles: .cache, Is a dir: %!s(bool=true)
2019/01/31 19:36:11 File name nextFiles: .cargo, Is a dir: %!s(bool=true)
2019/01/31 19:36:11 File name nextFiles: .config, Is a dir: %!s(bool=true)
2019/01/31 19:36:11 File name nextFiles: .creepMiner, Is a dir: %!s(bool=true)
2019/01/31 19:36:11 File name nextFiles: .dmrc, Is a dir: %!s(bool=false)
2019/01/31 19:36:11 File name nextFiles: .docker, Is a dir: %!s(bool=true)
2019/01/31 19:36:11 File name nextFiles: .droidcam, Is a dir: %!s(bool=true)
2019/01/31 19:36:11 File name nextFiles: .eclipse, Is a dir: %!s(bool=true)
2019/01/31 19:36:11 File name nextFiles: .emacs.d, Is a dir: %!s(bool=true)
2019/01/31 19:36:11 File name nextFiles: .esd_auth, Is a dir: %!s(bool=false)
2019/01/31 19:36:11 File name nextFiles: .fehbg, Is a dir: %!s(bool=false)
2019/01/31 19:36:12 File name nextFiles: .flowblade, Is a dir: %!s(bool=true)
2019/01/31 19:36:12 File name nextFiles: .ghc, Is a dir: %!s(bool=true)
2019/01/31 19:36:12 File name nextFiles: .gitconfig, Is a dir: %!s(bool=false)
2019/01/31 19:36:12 File name nextFiles: .gitkraken, Is a dir: %!s(bool=true)
2019/01/31 19:36:12 File name nextFiles: .gnupg, Is a dir: %!s(bool=true)
2019/01/31 19:36:12 File name nextFiles: .gtkrc-2.0, Is a dir: %!s(bool=false)
2019/01/31 19:36:12 File name nextFiles: .hunter, Is a dir: %!s(bool=true)
2019/01/31 19:36:12 File name nextFiles: .hushlogin, Is a dir: %!s(bool=false)
2019/01/31 19:36:12 File name nextFiles: .icons, Is a dir: %!s(bool=true)
2019/01/31 19:36:12 File name nextFiles: .ipython, Is a dir: %!s(bool=true)
2019/01/31 19:36:12 File name nextFiles: .java, Is a dir: %!s(bool=true)
2019/01/31 19:36:12 File name nextFiles: .jupyter, Is a dir: %!s(bool=true)
2019/01/31 19:36:12 File name nextFiles: .keras, Is a dir: %!s(bool=true)
2019/01/31 19:36:12 File name nextFiles: .kivy, Is a dir: %!s(bool=true)
2019/01/31 19:36:12 File name nextFiles: .lesshst, Is a dir: %!s(bool=false)
2019/01/31 19:36:12 File name nextFiles: .limbo, Is a dir: %!s(bool=true)
2019/01/31 19:36:12 File name nextFiles: .local, Is a dir: %!s(bool=true)
2019/01/31 19:36:12 File name nextFiles: .macromedia, Is a dir: %!s(bool=true)
2019/01/31 19:36:12 File name nextFiles: .masterpdfeditor, Is a dir: %!s(bool=true)
2019/01/31 19:36:12 File name nextFiles: .minecraft, Is a dir: %!s(bool=true)
2019/01/31 19:36:12 File name nextFiles: .mono, Is a dir: %!s(bool=true)
2019/01/31 19:36:12 File name nextFiles: .mozilla, Is a dir: %!s(bool=true)
2019/01/31 19:36:12 File name nextFiles: .mplayer, Is a dir: %!s(bool=true)
2019/01/31 19:36:12 File name nextFiles: .node_repl_history, Is a dir: %!s(bool=false)
2019/01/31 19:36:12 File name nextFiles: .npm, Is a dir: %!s(bool=true)
2019/01/31 19:36:13 File name nextFiles: .nv, Is a dir: %!s(bool=true)
2019/01/31 19:36:13 File name nextFiles: .nvidia-settings-rc, Is a dir: %!s(bool=false)
2019/01/31 19:36:13 File name nextFiles: .openshot_qt, Is a dir: %!s(bool=true)
2019/01/31 19:36:13 File name nextFiles: .pki, Is a dir: %!s(bool=true)
2019/01/31 19:36:13 File name nextFiles: .processing, Is a dir: %!s(bool=true)
2019/01/31 19:36:13 File name nextFiles: .python_history, Is a dir: %!s(bool=false)
2019/01/31 19:36:13 File name nextFiles: .python_history-10668.tmp, Is a dir: %!s(bool=false)
2019/01/31 19:36:13 File name nextFiles: .python_history-13237.tmp, Is a dir: %!s(bool=false)
2019/01/31 19:36:47 File name nextFiles: .ArchLabs-homepage, Is a dir: %!s(bool=true)
2019/01/31 19:36:47 File name nextFiles: .BOINC, Is a dir: %!s(bool=true)
2019/01/31 19:36:47 File name nextFiles: .ArchLabs-homepage, Is a dir: %!s(bool=true)
2019/01/31 19:36:47 File name nextFiles: .$thumbs, Is a dir: %!s(bool=true)
2019/01/31 19:37:12 File name nextFiles: .ArchLabs-homepage, Is a dir: %!s(bool=true)
2019/01/31 19:37:12 File name nextFiles: .BOINC, Is a dir: %!s(bool=true)
2019/01/31 19:37:12 File name nextFiles: .BOINC Manager, Is a dir: %!s(bool=false)
2019/01/31 19:37:12 File name nextFiles: .ColorGrab, Is a dir: %!s(bool=true)
2019/01/31 19:37:13 File name nextFiles: .PlayOnLinux, Is a dir: %!s(bool=true)
2019/01/31 19:37:13 File name nextFiles: .Prison Architect, Is a dir: %!s(bool=true)
2019/01/31 19:37:13 File name nextFiles: .PyCharmCE2018.2, Is a dir: %!s(bool=true)
2019/01/31 19:37:13 File name nextFiles: .Xauthority, Is a dir: %!s(bool=false)
2019/01/31 19:37:13 File name nextFiles: .Xresources, Is a dir: %!s(bool=false)
2019/01/31 19:37:13 File name nextFiles: .adobe, Is a dir: %!s(bool=true)
2019/01/31 19:37:13 File name nextFiles: .android, Is a dir: %!s(bool=true)
2019/01/31 19:37:13 File name nextFiles: .appdata, Is a dir: %!s(bool=true)
2019/01/31 19:37:13 File name nextFiles: .atom, Is a dir: %!s(bool=true)
2019/01/31 19:37:14 File name nextFiles: .audacity-data, Is a dir: %!s(bool=true)
2019/01/31 19:37:14 File name nextFiles: .bash_history, Is a dir: %!s(bool=false)
2019/01/31 19:37:14 File name nextFiles: .bash_logout, Is a dir: %!s(bool=false)
2019/01/31 19:37:14 File name nextFiles: .bash_profile, Is a dir: %!s(bool=false)
2019/01/31 19:37:14 File name nextFiles: .bashrc, Is a dir: %!s(bool=false)
2019/01/31 19:37:15 File name nextFiles: .bashrc, Is a dir: %!s(bool=false)
2019/01/31 19:37:16 File name nextFiles: .buildozer, Is a dir: %!s(bool=true)
2019/01/31 19:37:17 File name nextFiles: .cache, Is a dir: %!s(bool=true)
2019/01/31 19:37:17 File name nextFiles: .cargo, Is a dir: %!s(bool=true)
2019/01/31 19:37:17 File name nextFiles: .config, Is a dir: %!s(bool=true)
2019/01/31 19:37:17 File name nextFiles: .creepMiner, Is a dir: %!s(bool=true)
2019/01/31 19:37:17 File name nextFiles: .dmrc, Is a dir: %!s(bool=false)
2019/01/31 19:37:17 File name nextFiles: .docker, Is a dir: %!s(bool=true)
2019/01/31 19:37:17 File name nextFiles: .droidcam, Is a dir: %!s(bool=true)
2019/01/31 19:37:17 File name nextFiles: .eclipse, Is a dir: %!s(bool=true)
2019/01/31 19:37:17 File name nextFiles: .emacs.d, Is a dir: %!s(bool=true)
2019/01/31 19:37:17 File name nextFiles: .esd_auth, Is a dir: %!s(bool=false)
2019/01/31 19:37:17 File name nextFiles: .fehbg, Is a dir: %!s(bool=false)
2019/01/31 19:37:17 File name nextFiles: .flowblade, Is a dir: %!s(bool=true)
2019/01/31 19:37:17 File name nextFiles: .ghc, Is a dir: %!s(bool=true)
2019/01/31 19:37:17 File name nextFiles: .gitconfig, Is a dir: %!s(bool=false)
2019/01/31 19:37:17 File name nextFiles: .gitkraken, Is a dir: %!s(bool=true)
2019/01/31 19:37:17 File name nextFiles: .gnupg, Is a dir: %!s(bool=true)
2019/01/31 19:37:17 File name nextFiles: .gtkrc-2.0, Is a dir: %!s(bool=false)
2019/01/31 19:37:17 File name nextFiles: .hunter, Is a dir: %!s(bool=true)
2019/01/31 19:37:17 File name nextFiles: .hushlogin, Is a dir: %!s(bool=false)
2019/01/31 19:37:17 File name nextFiles: .icons, Is a dir: %!s(bool=true)
2019/01/31 19:37:17 File name nextFiles: .ipython, Is a dir: %!s(bool=true)
2019/01/31 19:37:17 File name nextFiles: .java, Is a dir: %!s(bool=true)
2019/01/31 19:37:18 File name nextFiles: .jupyter, Is a dir: %!s(bool=true)
2019/01/31 19:37:18 File name nextFiles: .keras, Is a dir: %!s(bool=true)
2019/01/31 19:37:18 File name nextFiles: .kivy, Is a dir: %!s(bool=true)
2019/01/31 19:37:18 File name nextFiles: .lesshst, Is a dir: %!s(bool=false)
2019/01/31 19:37:18 File name nextFiles: .limbo, Is a dir: %!s(bool=true)
2019/01/31 19:37:18 File name nextFiles: .local, Is a dir: %!s(bool=true)
2019/01/31 19:37:18 File name nextFiles: .macromedia, Is a dir: %!s(bool=true)
2019/01/31 19:37:18 File name nextFiles: .local, Is a dir: %!s(bool=true)
2019/01/31 19:37:18 File name nextFiles: .limbo, Is a dir: %!s(bool=true)
2019/01/31 19:37:18 File name nextFiles: .lesshst, Is a dir: %!s(bool=false)
2019/01/31 19:37:19 File name nextFiles: .kivy, Is a dir: %!s(bool=true)
2019/01/31 19:37:19 File name nextFiles: .keras, Is a dir: %!s(bool=true)
2019/01/31 19:37:19 File name nextFiles: .jupyter, Is a dir: %!s(bool=true)
2019/01/31 19:37:19 File name nextFiles: .java, Is a dir: %!s(bool=true)
2019/01/31 19:37:19 File name nextFiles: .ipython, Is a dir: %!s(bool=true)
2019/01/31 19:37:19 File name nextFiles: .icons, Is a dir: %!s(bool=true)
2019/01/31 19:37:19 File name nextFiles: .hushlogin, Is a dir: %!s(bool=false)
2019/01/31 19:37:19 File name nextFiles: .hunter, Is a dir: %!s(bool=true)
2019/01/31 19:37:19 File name nextFiles: .gtkrc-2.0, Is a dir: %!s(bool=false)
2019/01/31 19:37:19 File name nextFiles: .gnupg, Is a dir: %!s(bool=true)
2019/01/31 19:37:19 File name nextFiles: .gitkraken, Is a dir: %!s(bool=true)
2019/01/31 19:37:19 File name nextFiles: .gitconfig, Is a dir: %!s(bool=false)
2019/01/31 19:37:19 File name nextFiles: .ghc, Is a dir: %!s(bool=true)
2019/01/31 19:37:19 File name nextFiles: .flowblade, Is a dir: %!s(bool=true)
2019/01/31 19:37:19 File name nextFiles: .fehbg, Is a dir: %!s(bool=false)
2019/01/31 19:37:19 File name nextFiles: .esd_auth, Is a dir: %!s(bool=false)
2019/01/31 19:37:19 File name nextFiles: .emacs.d, Is a dir: %!s(bool=true)
2019/01/31 19:37:19 File name nextFiles: .eclipse, Is a dir: %!s(bool=true)
2019/01/31 19:37:19 File name nextFiles: .droidcam, Is a dir: %!s(bool=true)
2019/01/31 19:37:19 File name nextFiles: .docker, Is a dir: %!s(bool=true)
2019/01/31 19:37:19 File name nextFiles: .dmrc, Is a dir: %!s(bool=false)
2019/01/31 19:37:19 File name nextFiles: .creepMiner, Is a dir: %!s(bool=true)
2019/01/31 19:37:19 File name nextFiles: .config, Is a dir: %!s(bool=true)
2019/01/31 19:37:49 File name nextFiles: .ArchLabs-homepage, Is a dir: %!s(bool=true)
2019/01/31 19:37:49 File name nextFiles: .BOINC, Is a dir: %!s(bool=true)
2019/01/31 19:37:49 File name nextFiles: .BOINC Manager, Is a dir: %!s(bool=false)
2019/01/31 19:37:57 File name nextFiles: .ArchLabs-homepage, Is a dir: %!s(bool=true)
2019/01/31 19:37:57 File name nextFiles: .BOINC, Is a dir: %!s(bool=true)
2019/01/31 19:37:58 File name nextFiles: .BOINC Manager, Is a dir: %!s(bool=false)
2019/01/31 19:37:58 File name nextFiles: .ColorGrab, Is a dir: %!s(bool=true)
2019/01/31 19:37:58 File name nextFiles: .PlayOnLinux, Is a dir: %!s(bool=true)
2019/01/31 19:37:58 File name nextFiles: .Prison Architect, Is a dir: %!s(bool=true)
2019/01/31 19:37:58 File name nextFiles: .PyCharmCE2018.2, Is a dir: %!s(bool=true)
2019/01/31 19:37:58 File name nextFiles: .Xauthority, Is a dir: %!s(bool=false)
2019/01/31 19:37:58 File name nextFiles: .Xresources, Is a dir: %!s(bool=false)
2019/01/31 19:37:58 File name nextFiles: .adobe, Is a dir: %!s(bool=true)
2019/01/31 19:37:58 File name nextFiles: .android, Is a dir: %!s(bool=true)
2019/01/31 19:37:58 File name nextFiles: .appdata, Is a dir: %!s(bool=true)
2019/01/31 19:37:58 File name nextFiles: .atom, Is a dir: %!s(bool=true)
2019/01/31 19:37:58 File name nextFiles: .audacity-data, Is a dir: %!s(bool=true)
2019/01/31 19:37:59 File name nextFiles: .bash_history, Is a dir: %!s(bool=false)
2019/01/31 19:37:59 File name nextFiles: .bash_logout, Is a dir: %!s(bool=false)
2019/01/31 19:37:59 File name nextFiles: .bash_profile, Is a dir: %!s(bool=false)
2019/01/31 19:37:59 File name nextFiles: .bashrc, Is a dir: %!s(bool=false)
2019/01/31 19:37:59 File name nextFiles: .buildozer, Is a dir: %!s(bool=true)
2019/01/31 19:37:59 File name nextFiles: .cache, Is a dir: %!s(bool=true)
2019/01/31 19:37:59 File name nextFiles: .cargo, Is a dir: %!s(bool=true)
2019/01/31 19:37:59 File name nextFiles: .config, Is a dir: %!s(bool=true)
2019/01/31 19:37:59 File name nextFiles: .creepMiner, Is a dir: %!s(bool=true)
2019/01/31 19:37:59 File name nextFiles: .dmrc, Is a dir: %!s(bool=false)
2019/01/31 19:37:59 File name nextFiles: .docker, Is a dir: %!s(bool=true)
2019/01/31 19:37:59 File name nextFiles: .droidcam, Is a dir: %!s(bool=true)
2019/01/31 19:37:59 File name nextFiles: .eclipse, Is a dir: %!s(bool=true)
2019/01/31 19:37:59 File name nextFiles: .emacs.d, Is a dir: %!s(bool=true)
2019/01/31 19:37:59 File name nextFiles: .esd_auth, Is a dir: %!s(bool=false)
2019/01/31 19:37:59 File name nextFiles: .fehbg, Is a dir: %!s(bool=false)
2019/01/31 19:37:59 File name nextFiles: .flowblade, Is a dir: %!s(bool=true)
2019/01/31 19:37:59 File name nextFiles: .ghc, Is a dir: %!s(bool=true)
2019/01/31 19:37:59 File name nextFiles: .gitconfig, Is a dir: %!s(bool=false)
2019/01/31 19:37:59 File name nextFiles: .gitkraken, Is a dir: %!s(bool=true)
2019/01/31 19:37:59 File name nextFiles: .gnupg, Is a dir: %!s(bool=true)
2019/01/31 19:37:59 File name nextFiles: .gtkrc-2.0, Is a dir: %!s(bool=false)
2019/01/31 19:37:59 File name nextFiles: .hunter, Is a dir: %!s(bool=true)
2019/01/31 19:37:59 File name nextFiles: .hushlogin, Is a dir: %!s(bool=false)
2019/01/31 19:37:59 File name nextFiles: .icons, Is a dir: %!s(bool=true)
2019/01/31 19:38:00 File name nextFiles: .ipython, Is a dir: %!s(bool=true)
2019/01/31 19:38:00 File name nextFiles: .java, Is a dir: %!s(bool=true)
2019/01/31 19:38:00 File name nextFiles: .jupyter, Is a dir: %!s(bool=true)
2019/01/31 19:38:00 File name nextFiles: .keras, Is a dir: %!s(bool=true)
2019/01/31 19:38:00 File name nextFiles: .kivy, Is a dir: %!s(bool=true)
2019/01/31 19:38:00 File name nextFiles: .lesshst, Is a dir: %!s(bool=false)
2019/01/31 19:38:00 File name nextFiles: .limbo, Is a dir: %!s(bool=true)
2019/01/31 19:38:00 File name nextFiles: .local, Is a dir: %!s(bool=true)
2019/01/31 19:38:00 File name nextFiles: .macromedia, Is a dir: %!s(bool=true)
2019/01/31 19:38:00 File name nextFiles: .masterpdfeditor, Is a dir: %!s(bool=true)
2019/01/31 19:38:00 File name nextFiles: .minecraft, Is a dir: %!s(bool=true)
2019/01/31 19:38:00 File name nextFiles: .mono, Is a dir: %!s(bool=true)
2019/01/31 19:38:00 File name nextFiles: .mozilla, Is a dir: %!s(bool=true)
2019/01/31 19:38:00 File name nextFiles: .mplayer, Is a dir: %!s(bool=true)
2019/01/31 19:38:00 File name nextFiles: .node_repl_history, Is a dir: %!s(bool=false)
2019/01/31 19:38:00 File name nextFiles: .npm, Is a dir: %!s(bool=true)
2019/01/31 19:38:00 File name nextFiles: .nv, Is a dir: %!s(bool=true)
2019/01/31 19:38:00 File name nextFiles: .nvidia-settings-rc, Is a dir: %!s(bool=false)
2019/01/31 19:38:00 File name nextFiles: .openshot_qt, Is a dir: %!s(bool=true)
2019/01/31 19:38:00 File name nextFiles: .pki, Is a dir: %!s(bool=true)
2019/01/31 19:38:00 File name nextFiles: .processing, Is a dir: %!s(bool=true)
2019/01/31 19:38:00 File name nextFiles: .python_history, Is a dir: %!s(bool=false)
2019/01/31 19:38:00 File name nextFiles: .python_history-10668.tmp, Is a dir: %!s(bool=false)
2019/01/31 19:38:00 File name nextFiles: .python_history-13237.tmp, Is a dir: %!s(bool=false)
2019/01/31 19:38:00 File name nextFiles: .python_history-14417.tmp, Is a dir: %!s(bool=false)
2019/01/31 19:38:01 File name nextFiles: .python_history-16624.tmp, Is a dir: %!s(bool=false)
2019/01/31 19:38:01 File name nextFiles: .ssh, Is a dir: %!s(bool=true)
2019/01/31 19:38:01 File name nextFiles: .steam, Is a dir: %!s(bool=true)
2019/01/31 19:38:01 File name nextFiles: .steampath, Is a dir: %!s(bool=false)
2019/01/31 19:38:01 File name nextFiles: .steampid, Is a dir: %!s(bool=false)
2019/01/31 19:38:01 File name nextFiles: .surf, Is a dir: %!s(bool=true)
2019/01/31 19:38:01 File name nextFiles: .technic, Is a dir: %!s(bool=true)
2019/01/31 19:38:01 File name nextFiles: .tig_history, Is a dir: %!s(bool=false)
2019/01/31 19:38:01 File name nextFiles: .tor-browser, Is a dir: %!s(bool=true)
2019/01/31 19:38:01 File name nextFiles: .tvbrowser, Is a dir: %!s(bool=true)
2019/01/31 19:38:01 File name nextFiles: .vim, Is a dir: %!s(bool=true)
2019/01/31 19:38:01 File name nextFiles: .viminfo, Is a dir: %!s(bool=false)
2019/01/31 19:38:01 File name nextFiles: .viminfo.tmp, Is a dir: %!s(bool=false)
2019/01/31 19:38:01 File name nextFiles: .viminfx.tmp, Is a dir: %!s(bool=false)
2019/01/31 19:38:01 File name nextFiles: .viminfy.tmp, Is a dir: %!s(bool=false)
2019/01/31 19:38:01 File name nextFiles: .viminfz.tmp, Is a dir: %!s(bool=false)
2019/01/31 19:38:01 File name nextFiles: .vimrc, Is a dir: %!s(bool=false)
2019/01/31 19:38:01 File name nextFiles: .w3m, Is a dir: %!s(bool=true)
2019/01/31 19:38:01 File name nextFiles: .wget-hsts, Is a dir: %!s(bool=false)
2019/01/31 19:38:01 File name nextFiles: .wine, Is a dir: %!s(bool=true)
2019/01/31 19:38:01 File name nextFiles: .xinitrc, Is a dir: %!s(bool=false)
2019/01/31 19:38:01 File name nextFiles: .xprofile, Is a dir: %!s(bool=false)
2019/01/31 19:38:01 File name nextFiles: .xsession-errors, Is a dir: %!s(bool=false)
2019/01/31 19:38:01 File name nextFiles: .xsession-errors.old, Is a dir: %!s(bool=false)
2019/01/31 19:38:02 File name nextFiles: .zcompdump, Is a dir: %!s(bool=false)
2019/01/31 19:38:02 File name nextFiles: .zdirs, Is a dir: %!s(bool=false)
2019/01/31 19:38:02 File name nextFiles: .zsh_history, Is a dir: %!s(bool=false)
2019/01/31 19:38:02 File name nextFiles: .zshrc, Is a dir: %!s(bool=false)
2019/01/31 19:38:02 File name nextFiles: .zshrc.zwc, Is a dir: %!s(bool=false)
2019/01/31 19:38:02 File name nextFiles: 2019-01-12-162103_3840x1344_scrot.png, Is a dir: %!s(bool=false)
2019/01/31 19:38:02 File name nextFiles: 2019-01-15-162516_3840x1344_scrot.png, Is a dir: %!s(bool=false)
2019/01/31 19:38:02 File name nextFiles: 69subs.mp4, Is a dir: %!s(bool=false)
2019/01/31 19:38:02 File name nextFiles: 750gb.vmdk, Is a dir: %!s(bool=false)
2019/01/31 19:38:02 File name nextFiles: 8k.png, Is a dir: %!s(bool=false)
2019/01/31 19:38:02 File name nextFiles: 8kDec.png, Is a dir: %!s(bool=false)
2019/01/31 19:38:02 File name nextFiles: 8kTemp, Is a dir: %!s(bool=false)
2019/01/31 19:38:02 File name nextFiles: Analysis.md, Is a dir: %!s(bool=false)
2019/01/31 19:38:02 File name nextFiles: Analysis.pdf, Is a dir: %!s(bool=false)
2019/01/31 19:38:02 File name nextFiles: ArchUSB.vmdk, Is a dir: %!s(bool=false)
2019/01/31 19:38:02 File name nextFiles: Boscaceoil, Is a dir: %!s(bool=true)
2019/01/31 19:38:02 File name nextFiles: Buildozer VM-disk001.vmdk, Is a dir: %!s(bool=false)
2019/01/31 19:38:02 File name nextFiles: Buildozer VM.ovf, Is a dir: %!s(bool=false)
2019/01/31 19:38:02 File name nextFiles: Camera Pics, Is a dir: %!s(bool=true)
2019/01/31 19:38:02 File name nextFiles: Camera Roll, Is a dir: %!s(bool=true)
2019/01/31 19:38:02 File name nextFiles: DecryptionTest, Is a dir: %!s(bool=false)
2019/01/31 19:38:02 File name nextFiles: DerpPlusPlus, Is a dir: %!s(bool=true)
2019/01/31 19:38:02 File name nextFiles: Desktop, Is a dir: %!s(bool=true)
2019/01/31 19:38:02 File name nextFiles: Documents, Is a dir: %!s(bool=true)
2019/01/31 19:38:02 File name nextFiles: Downloads, Is a dir: %!s(bool=true)
2019/01/31 19:38:03 File name nextFiles: EmmaColcloughCV, Is a dir: %!s(bool=true)
2019/01/31 19:38:03 File name nextFiles: EncryptedDir, Is a dir: %!s(bool=true)
2019/01/31 19:38:03 File name nextFiles: Games, Is a dir: %!s(bool=true)
2019/01/31 19:38:03 File name nextFiles: GentooMin, Is a dir: %!s(bool=true)
2019/01/31 19:38:03 File name nextFiles: GentooMin.iso, Is a dir: %!s(bool=false)
2019/01/31 19:38:03 File name nextFiles: Important images, Is a dir: %!s(bool=true)
2019/01/31 19:38:03 File name nextFiles: Music, Is a dir: %!s(bool=true)
2019/01/31 19:38:03 File name nextFiles: NEA Guide.pdf, Is a dir: %!s(bool=false)
2019/01/31 19:38:03 File name nextFiles: NEA Guide.zip, Is a dir: %!s(bool=false)
2019/01/31 19:38:03 File name nextFiles: OBS, Is a dir: %!s(bool=true)
2019/01/31 19:38:03 File name nextFiles: OLDPROJECT, Is a dir: %!s(bool=true)
2019/01/31 19:38:03 File name nextFiles: PRET, Is a dir: %!s(bool=true)
2019/01/31 19:38:03 File name nextFiles: Personal Statement plan.docx, Is a dir: %!s(bool=false)
2019/01/31 19:38:03 File name nextFiles: Pictures, Is a dir: %!s(bool=true)
2019/01/31 19:38:03 File name nextFiles: Planets (copy), Is a dir: %!s(bool=true)
2019/01/31 19:38:03 File name nextFiles: PlanetsCli, Is a dir: %!s(bool=true)
2019/01/31 19:38:03 File name nextFiles: PlanetsExp, Is a dir: %!s(bool=true)
2019/01/31 19:38:03 File name nextFiles: PlayOnLinux's virtual drives, Is a dir: %!s(bool=false)
2019/01/31 19:38:03 File name nextFiles: PlotsTemp, Is a dir: %!s(bool=true)
2019/01/31 19:38:03 File name nextFiles: Public, Is a dir: %!s(bool=true)
2019/01/31 19:38:04 File name nextFiles: Reaper, Is a dir: %!s(bool=true)
2019/01/31 19:38:04 File name nextFiles: Saved Pictures, Is a dir: %!s(bool=true)
2019/01/31 19:38:05 File name nextFiles: Screenshot from 2018-10-06 14-12-48.png, Is a dir: %!s(bool=false)
2019/01/31 19:38:05 File name nextFiles: Screenshot from 2018-12-21 16-12-15.png, Is a dir: %!s(bool=false)
2019/01/31 19:38:05 File name nextFiles: Screenshot from 2019-01-27 18-45-09.png, Is a dir: %!s(bool=false)
2019/01/31 19:38:05 File name nextFiles: Sony Vegas Pro 14, Is a dir: %!s(bool=true)
2019/01/31 19:38:05 File name nextFiles: SrtVisual, Is a dir: %!s(bool=true)
2019/01/31 19:38:05 File name nextFiles: Templates, Is a dir: %!s(bool=true)
2019/01/31 19:38:05 File name nextFiles: Uplay, Is a dir: %!s(bool=true)
2019/01/31 19:38:05 File name nextFiles: Videos, Is a dir: %!s(bool=true)
2019/01/31 19:38:06 File name nextFiles: VirtualBox VMs, Is a dir: %!s(bool=true)
2019/01/31 19:38:06 File name nextFiles: Write-up.html, Is a dir: %!s(bool=false)
2019/01/31 19:38:06 File name nextFiles: Write-up.md, Is a dir: %!s(bool=false)
2019/01/31 19:38:06 File name nextFiles: __pycache__, Is a dir: %!s(bool=true)
2019/01/31 19:38:06 File name nextFiles: a.out, Is a dir: %!s(bool=false)
2019/01/31 19:38:06 File name nextFiles: a.txt, Is a dir: %!s(bool=false)
2019/01/31 19:38:06 File name nextFiles: aDec.txt, Is a dir: %!s(bool=false)
2019/01/31 19:38:06 File name nextFiles: aaa, Is a dir: %!s(bool=true)
2019/01/31 19:38:06 File name nextFiles: alph.txt, Is a dir: %!s(bool=false)
2019/01/31 19:38:06 File name nextFiles: blake.go, Is a dir: %!s(bool=false)
2019/01/31 19:38:06 File name nextFiles: blakeBuff.go, Is a dir: %!s(bool=false)
2019/01/31 19:38:06 File name nextFiles: blakeOld.go, Is a dir: %!s(bool=false)
2019/01/31 19:38:06 File name nextFiles: bubble.go, Is a dir: %!s(bool=false)
2019/01/31 19:38:06 File name nextFiles: bubbleCpp, Is a dir: %!s(bool=false)
2019/01/31 19:38:06 File name nextFiles: buildozer, Is a dir: %!s(bool=true)
2019/01/31 19:38:06 File name nextFiles: c, Is a dir: %!s(bool=false)
2019/01/31 19:38:06 File name nextFiles: casio-gcc, Is a dir: %!s(bool=true)
2019/01/31 19:38:06 File name nextFiles: casioTests, Is a dir: %!s(bool=true)
2019/01/31 19:38:06 File name nextFiles: client, Is a dir: %!s(bool=true)
2019/01/31 19:38:06 File name nextFiles: countDir, Is a dir: %!s(bool=false)
2019/01/31 19:38:06 File name nextFiles: countDir.go, Is a dir: %!s(bool=false)
2019/01/31 19:38:06 File name nextFiles: creepMiner-1.8.3.0, Is a dir: %!s(bool=true)
2019/01/31 19:38:06 File name nextFiles: cud.go, Is a dir: %!s(bool=false)
2019/01/31 19:38:06 File name nextFiles: cuda-workspace, Is a dir: %!s(bool=true)
2019/01/31 19:38:06 File name nextFiles: cuda.py, Is a dir: %!s(bool=false)
2019/01/31 19:38:07 File name nextFiles: curse.py, Is a dir: %!s(bool=false)
2019/01/31 19:38:07 File name nextFiles: decTemp.iso, Is a dir: %!s(bool=false)
2019/01/31 19:38:07 File name nextFiles: decryptedTestFolder, Is a dir: %!s(bool=true)
2019/01/31 19:38:07 File name nextFiles: dep1.py, Is a dir: %!s(bool=false)
2019/01/31 19:38:07 File name nextFiles: dep2.py, Is a dir: %!s(bool=false)
2019/01/31 19:38:07 File name nextFiles: display.sh, Is a dir: %!s(bool=false)
2019/01/31 19:38:07 File name nextFiles: displayPos.sh, Is a dir: %!s(bool=false)
2019/01/31 19:38:07 File name nextFiles: dumbDiscordBot.py, Is a dir: %!s(bool=false)
2019/01/31 19:38:07 File name nextFiles: egg, Is a dir: %!s(bool=false)
2019/01/31 19:38:07 File name nextFiles: egg.go, Is a dir: %!s(bool=false)
2019/01/31 19:38:07 File name nextFiles: egg.png, Is a dir: %!s(bool=false)
2019/01/31 19:38:07 File name nextFiles: egg.txt, Is a dir: %!s(bool=false)
2019/01/31 19:38:07 File name nextFiles: eggBoi, Is a dir: %!s(bool=true)
2019/01/31 19:38:07 File name nextFiles: eggg, Is a dir: %!s(bool=true)
2019/01/31 19:38:07 File name nextFiles: eggg.iso, Is a dir: %!s(bool=false)
2019/01/31 19:38:07 File name nextFiles: eggo, Is a dir: %!s(bool=false)
2019/01/31 19:38:07 File name nextFiles: eggo.go, Is a dir: %!s(bool=false)
2019/01/31 19:38:07 File name nextFiles: ex.go, Is a dir: %!s(bool=false)
2019/01/31 19:38:07 File name nextFiles: example.py, Is a dir: %!s(bool=false)
2019/01/31 19:38:07 File name nextFiles: fib, Is a dir: %!s(bool=false)
2019/01/31 19:38:07 File name nextFiles: fib.go, Is a dir: %!s(bool=false)
2019/01/31 19:38:07 File name nextFiles: fibCpp, Is a dir: %!s(bool=false)
2019/01/31 19:38:07 File name nextFiles: first.class, Is a dir: %!s(bool=false)
2019/01/31 19:38:07 File name nextFiles: first.java, Is a dir: %!s(bool=false)
2019/01/31 19:38:07 File name nextFiles: firstCpp, Is a dir: %!s(bool=false)
2019/01/31 19:38:08 File name nextFiles: folderWithEncFiles, Is a dir: %!s(bool=true)
2019/01/31 19:38:08 File name nextFiles: gcse.py, Is a dir: %!s(bool=false)
2019/01/31 19:38:08 File name nextFiles: geckodriver.log, Is a dir: %!s(bool=false)
2019/01/31 19:38:08 File name nextFiles: .vimrc, Is a dir: %!s(bool=false)
2019/01/31 19:38:08 File name nextFiles: .creepMiner, Is a dir: %!s(bool=true)
2019/01/31 19:38:08 File name nextFiles: .$thumbs, Is a dir: %!s(bool=true)
2019/01/31 19:38:09 File name nextFiles: .$thumbs, Is a dir: %!s(bool=true)
2019/01/31 19:38:09 File name nextFiles: .$thumbs, Is a dir: %!s(bool=true)
2019/01/31 19:38:09 File name nextFiles: .$thumbs, Is a dir: %!s(bool=true)
